{"E:\\cassiano\\Documents\\Studying Program\\NodeJS-CA-TDD-Project\\src\\domain\\usecases\\auth-usecase.js": {"path":"E:\\cassiano\\Documents\\Studying Program\\NodeJS-CA-TDD-Project\\src\\domain\\usecases\\auth-usecase.js","statementMap":{"0":{"start":{"line":1,"column":30},"end":{"line":1,"column":59}},"1":{"start":{"line":3,"column":0},"end":{"line":26,"column":1}},"2":{"start":{"line":5,"column":4},"end":{"line":5,"column":62}},"3":{"start":{"line":6,"column":4},"end":{"line":6,"column":30}},"4":{"start":{"line":7,"column":4},"end":{"line":7,"column":40}},"5":{"start":{"line":11,"column":4},"end":{"line":13,"column":5}},"6":{"start":{"line":12,"column":6},"end":{"line":12,"column":42}},"7":{"start":{"line":14,"column":4},"end":{"line":16,"column":5}},"8":{"start":{"line":15,"column":6},"end":{"line":15,"column":45}},"9":{"start":{"line":18,"column":17},"end":{"line":18,"column":65}},"10":{"start":{"line":19,"column":20},"end":{"line":19,"column":81}},"11":{"start":{"line":20,"column":4},"end":{"line":23,"column":5}},"12":{"start":{"line":21,"column":26},"end":{"line":21,"column":69}},"13":{"start":{"line":22,"column":6},"end":{"line":22,"column":24}},"14":{"start":{"line":24,"column":4},"end":{"line":24,"column":15}}},"fnMap":{"0":{"name":"(anonymous_0)","decl":{"start":{"line":4,"column":2},"end":{"line":4,"column":3}},"loc":{"start":{"line":4,"column":78},"end":{"line":8,"column":3}},"line":4},"1":{"name":"(anonymous_1)","decl":{"start":{"line":10,"column":2},"end":{"line":10,"column":3}},"loc":{"start":{"line":10,"column":31},"end":{"line":25,"column":3}},"line":10}},"branchMap":{"0":{"loc":{"start":{"line":4,"column":15},"end":{"line":4,"column":76}},"type":"default-arg","locations":[{"start":{"line":4,"column":74},"end":{"line":4,"column":76}}],"line":4},"1":{"loc":{"start":{"line":11,"column":4},"end":{"line":13,"column":5}},"type":"if","locations":[{"start":{"line":11,"column":4},"end":{"line":13,"column":5}},{"start":{},"end":{}}],"line":11},"2":{"loc":{"start":{"line":14,"column":4},"end":{"line":16,"column":5}},"type":"if","locations":[{"start":{"line":14,"column":4},"end":{"line":16,"column":5}},{"start":{},"end":{}}],"line":14},"3":{"loc":{"start":{"line":19,"column":20},"end":{"line":19,"column":81}},"type":"binary-expr","locations":[{"start":{"line":19,"column":20},"end":{"line":19,"column":24}},{"start":{"line":19,"column":28},"end":{"line":19,"column":81}}],"line":19},"4":{"loc":{"start":{"line":20,"column":4},"end":{"line":23,"column":5}},"type":"if","locations":[{"start":{"line":20,"column":4},"end":{"line":23,"column":5}},{"start":{},"end":{}}],"line":20}},"s":{"0":1,"1":1,"2":18,"3":18,"4":18,"5":18,"6":1,"7":17,"8":1,"9":16,"10":12,"11":8,"12":6,"13":4,"14":2},"f":{"0":18,"1":18},"b":{"0":[1],"1":[1,17],"2":[1,16],"3":[12,11],"4":[6,2]},"_coverageSchema":"1a1c01bbd47fc00a2c39e90264f33305004495a9","hash":"2cc319ea0fb55599ed71f199b0b9b9dec65b3a9b"}
,"E:\\cassiano\\Documents\\Studying Program\\NodeJS-CA-TDD-Project\\src\\utils\\errors\\index.js": {"path":"E:\\cassiano\\Documents\\Studying Program\\NodeJS-CA-TDD-Project\\src\\utils\\errors\\index.js","statementMap":{"0":{"start":{"line":1,"column":26},"end":{"line":1,"column":75}},"1":{"start":{"line":2,"column":26},"end":{"line":2,"column":75}},"2":{"start":{"line":4,"column":0},"end":{"line":7,"column":1}}},"fnMap":{},"branchMap":{},"s":{"0":1,"1":1,"2":1},"f":{},"b":{},"_coverageSchema":"1a1c01bbd47fc00a2c39e90264f33305004495a9","hash":"e78baaf34de443fd1e0a42f1694e333be3644b73"}
}
